********************************************************************************
DUPLICATOR-LITE PACKAGE-LOG: 23/04/2021 08:19
NOTICE: Do NOT post to public sites or forums 
********************************************************************************
VERSION:	1.4.0
WORDPRESS:	5.7.1
PHP INFO:	7.2.34-1+focal | SAPI: litespeed
SERVER:		LiteSpeed 
PHP TIME LIMIT: (0) no time limit imposed 
PHP MAX MEMORY: 4294967296 (128M default) 
MEMORY STACK: 10MB

********************************************************************************
DATABASE:
********************************************************************************
BUILD MODE:   MYSQLDUMP
MYSQLTIMEOUT: 5000
MYSQLDUMP:    Is Supported
SQL CREATED: 20210419_salon_cfd6739bfd39e7a45208_20210423081921_database.sql
SQL FILE SIZE: 6.08MB (6373397)
SQL FILE TIME: 2021-04-23 08:19:26
SQL RUNTIME: 0.40 sec.

********************************************************************************
ARCHIVE (ZIP):
********************************************************************************
ARCHIVE DIR:  /home/salontukawa.com/public_html
ARCHIVE FILE: 20210419_salon_cfd6739bfd39e7a45208_20210423081921_archive.zip
FILTERS: *OFF*
DIRS:
	not set
FILES:
	not set
EXTS:  not set
----------------------------------------
COMPRESSING
SIZE:	0B
STATS:	Dirs 0 | Files 0
SQL ADDED: 20210419_salon_cfd6739bfd39e7a45208_20210423081921_database.sql
ZipArchive Object
(
    [status] => 0
    [statusSys] => 0
    [numFiles] => 1
    [filename] => /home/salontukawa.com/public_html/wp-content/backups-dup-lite/tmp/20210419_salon_cfd6739bfd39e7a45208_20210423081921_archive.zip
    [comment] => 
)

FILE ADDED TO ZIP: 0
COMPRESSION RESULT: '1'
COMPRESSED SIZE: 624.1KB
ARCHIVE RUNTIME: 0.52 sec.
MEMORY STACK: 10MB
building installer
add_extra_files1
add_extra_files2
add_extra_files3
add_extra_files4
Doing archive file check
add_extra_files5
add_extra_files6
add_extra_files8
Successfully opened zip /home/salontukawa.com/public_html/wp-content/backups-dup-lite/tmp/20210419_salon_cfd6739bfd39e7a45208_20210423081921_archive.zip
Adding enhanced installer files to archive using ZipArchive
Installer files added to archive
Added to archive
After ziparchive close when adding installer

********************************************************************************
INTEGRITY CHECKS:
********************************************************************************
SQL FILE: 6.08MB
INSTALLER FILE: 63.95KB
ARCHIVE FILE: 2.1MB 
EXPECTED FILE/DIRECTORY COUNT: 0
ACTUAL FILE/DIRECTORY COUNT: 0
ARCHIVE CONSISTENCY TEST: Pass

********************************************************************************
RECORD ID:[3]
TOTAL PROCESS RUNTIME: 1.59 sec.
PEAK PHP MEMORY USED: 12MB
DONE PROCESSING => 20210419_salon 23/04/2021 08:19

